<?xml version="1.0" encoding="UTF-8"?>
<!-- Generated by org.testng.reporters.JUnitXMLReporter -->
<testsuite hostname="ambrish-Latitude-E6430" name="Test" tests="2" failures="0" timestamp="27 Mar 2020 08:01:46 GMT" time="0.115" errors="0">
  <testcase name="@BeforeMethod setUp" time="0.0" classname="testdemo.JavaTPoint">
    <failure type="java.lang.IllegalStateException" message="The driver executable does not exist: /home/ambrish/Kautsav_WorkSpace/MonikaDemo/./exefiles/chromedriver">
      <![CDATA[java.lang.IllegalStateException: The driver executable does not exist: /home/ambrish/Kautsav_WorkSpace/MonikaDemo/./exefiles/chromedriver
	at com.google.common.base.Preconditions.checkState(Preconditions.java:585)
	at org.openqa.selenium.remote.service.DriverService.checkExecutable(DriverService.java:146)
	at org.openqa.selenium.remote.service.DriverService.findExecutable(DriverService.java:141)
	at org.openqa.selenium.chrome.ChromeDriverService.access$000(ChromeDriverService.java:35)
	at org.openqa.selenium.chrome.ChromeDriverService$Builder.findDefaultExecutable(ChromeDriverService.java:159)
	at org.openqa.selenium.remote.service.DriverService$Builder.build(DriverService.java:355)
	at org.openqa.selenium.chrome.ChromeDriverService.createDefaultService(ChromeDriverService.java:94)
	at org.openqa.selenium.chrome.ChromeDriver.<init>(ChromeDriver.java:123)
	at testdemo.LBrowser.setUp(LBrowser.java:42)
... Removed 26 stack frames]]>
    </failure>
  </testcase> <!-- @BeforeMethod setUp -->
  <testcase name="@BeforeMethod setUp" time="0.0" classname="testdemo.JavaTPoint">
    <skipped/>
  </testcase> <!-- @BeforeMethod setUp -->
  <testcase name="serach" time="0.002" classname="testdemo.JavaTPoint">
    <skipped/>
  </testcase> <!-- serach -->
  <testcase name="openTpoint" time="0.006" classname="testdemo.JavaTPoint">
    <skipped/>
  </testcase> <!-- openTpoint -->
</testsuite> <!-- Test -->
